2024-12-09 15:41:48,613 - DataUtils - INFO - Downloading and extracting the demo MIND dataset to ./data/mind...
2024-12-09 15:41:59,380 - DataUtils - ERROR - An error occurred while downloading or extracting the MIND dataset: Extracted files not found: ./data/mind/MINDdemo_train.zip/data/mind/train/behaviors.tsv, ./data/mind/MINDdemo_train.zip/data/mind/valid/behaviors.tsv
2024-12-09 15:46:58,154 - DataUtils - INFO - Created directory: ./data/mind
2024-12-09 15:46:58,155 - DataUtils - INFO - Downloading and extracting the demo MIND dataset to ./data/mind...
2024-12-09 15:46:58,156 - DataUtils - INFO - Downloaded: ./data/mind/MINDdemo_train.zip and ./data/mind/MINDdemo_valid.zip
2024-12-09 15:46:58,158 - DataUtils - INFO - Extracted to ./data/mind/train and ./data/mind/valid
2024-12-09 15:46:58,158 - DataUtils - INFO - MIND dataset prepared successfully. Train: ./data/mind/train/behaviors.tsv, Valid: ./data/mind/valid/behaviors.tsv
2024-12-09 15:46:58,159 - DataUtils - INFO - Starting to preprocess MIND dataset. Train: ./data/mind/train/behaviors.tsv, Valid: ./data/mind/valid/behaviors.tsv
2024-12-09 17:30:17,758 - DataUtils - INFO - Downloading and extracting the demo MIND dataset to ./data/mind...
2024-12-09 17:30:17,759 - DataUtils - INFO - Downloaded: ./data/mind/MINDdemo_train.zip and ./data/mind/MINDdemo_valid.zip
2024-12-09 17:30:17,761 - DataUtils - INFO - Extracted to ./data/mind/train and ./data/mind/valid
2024-12-09 17:30:17,762 - DataUtils - INFO - MIND dataset prepared successfully. Train: ./data/mind/train/behaviors.tsv, Valid: ./data/mind/valid/behaviors.tsv
2024-12-09 17:30:17,763 - DataUtils - INFO - Starting to preprocess MIND dataset. Train: ./data/mind/train/behaviors.tsv, Valid: ./data/mind/valid/behaviors.tsv
2024-12-09 17:33:18,947 - DataUtils - INFO - Created directory: ./data/mind
2024-12-09 17:33:18,947 - DataUtils - INFO - Downloading and extracting the demo MIND dataset to ./data/mind...
2024-12-09 17:33:27,917 - DataUtils - ERROR - An error occurred while downloading or extracting the MIND dataset: Extracted files not found: ./data/mind/train/behaviors.tsv, ./data/mind/valid/behaviors.tsv
2024-12-09 17:33:56,887 - DataUtils - INFO - Downloading and extracting the demo MIND dataset to ./data/mind...
2024-12-09 17:34:04,359 - DataUtils - ERROR - An error occurred while downloading or extracting the MIND dataset: Extracted files not found: ./data/mind/train/behaviors.tsv, ./data/mind/valid/behaviors.tsv
2024-12-09 17:34:38,705 - DataUtils - INFO - Downloading and extracting the demo MIND dataset to ./data/mind...
2024-12-09 17:34:47,381 - DataUtils - ERROR - An error occurred while downloading or extracting the MIND dataset: Extracted files not found: ./data/mind/train/behaviors.tsv, ./data/mind/valid/behaviors.tsv
2024-12-09 17:37:27,509 - DataUtils - INFO - Downloading and extracting the demo MIND dataset to ./data/mind...
2024-12-09 17:37:27,511 - DataUtils - INFO - Downloaded: ./data/mind/MINDdemo_train.zip and ./data/mind/MINDdemo_valid.zip
2024-12-09 17:37:27,513 - DataUtils - INFO - Extracted to ./data/mind/train and ./data/mind/valid
2024-12-09 17:37:27,514 - DataUtils - INFO - MIND dataset prepared successfully. Train: ./data/mind/train/behaviors.tsv, Valid: ./data/mind/valid/behaviors.tsv
2024-12-09 17:37:27,514 - DataUtils - INFO - Starting to preprocess MIND dataset. Train: ./data/mind/train/behaviors.tsv, Valid: ./data/mind/valid/behaviors.tsv
2024-12-09 17:37:32,314 - DataUtils - INFO - Preprocessing of MIND dataset completed.
