2024-12-03 15:05:19,750 - ALS_Run_Train - INFO - Starting data loading...
2024-12-03 15:05:38,812 - ALS_Run_Train - ERROR - An error occurred during training: 409 Client Error: Public access is not permitted on this storage account. for url: https://mind201910small.blob.core.windows.net/release/MINDsmall_train.zip
2024-12-03 15:05:39,143 - ALS_Run_Train - INFO - Spark session stopped.
2024-12-03 15:22:26,206 - ALS_Run_Train - INFO - Starting data loading...
2024-12-03 15:22:42,202 - ALS_Run_Train - ERROR - An error occurred during training: 409 Client Error: Public access is not permitted on this storage account. for url: https://mind201910small.blob.core.windows.net/release/MINDsmall_train.zip
2024-12-03 15:22:42,591 - ALS_Run_Train - INFO - Spark session stopped.
2024-12-03 15:54:15,278 - ALS_Run_Train - INFO - Starting data loading...
2024-12-03 15:54:15,280 - ALS_Run_Train - ERROR - An error occurred during training: load_and_prepare_mind_dataset() got an unexpected keyword argument 'size'
2024-12-03 15:54:15,543 - ALS_Run_Train - INFO - Spark session stopped.
2024-12-03 16:03:48,962 - ALS_Run_Train - INFO - Starting data loading...
2024-12-03 16:04:41,904 - ALS_Run_Train - ERROR - An error occurred during training: 'implicit_prefs'
2024-12-03 16:04:42,309 - ALS_Run_Train - INFO - Spark session stopped.
2024-12-03 18:46:48,911 - ALS_Run_Train - INFO - Starting data loading...
2024-12-03 18:46:50,952 - ALS_Run_Train - ERROR - An error occurred during training: [PATH_NOT_FOUND] Path does not exist: file:/home/joaquin_l_calvo/Trento/Data_Mining/Data-Mining-Project/src/data/mind/train/behaviors.tsv.
2024-12-03 18:46:51,149 - ALS_Run_Train - INFO - Spark session stopped.
2024-12-03 19:00:24,537 - ALS_Run_Train - INFO - Starting data loading...
2024-12-03 19:01:01,041 - ALS_Run_Train - ERROR - An error occurred during training: Extracted files not found: ./data/mind/train/behaviors.tsv, ./data/mind/valid/behaviors.tsv
2024-12-03 19:01:01,350 - ALS_Run_Train - INFO - Spark session stopped.
2024-12-03 19:06:26,203 - ALS_Run_Train - INFO - Starting data loading...
2024-12-03 19:07:05,215 - ALS_Run_Train - ERROR - An error occurred during training: Extracted files not found: ./data/mind/MINDdemo_train.zip/data/mind/train/behaviors.tsv, ./data/mind/MINDdemo_train.zip/data/mind/valid/behaviors.tsv
2024-12-03 19:07:05,537 - ALS_Run_Train - INFO - Spark session stopped.
