2024-12-10 17:23:30,320 - DataUtils - INFO - Resolving paths for the demo MIND dataset...
2024-12-10 17:23:30,321 - DataUtils - INFO - Dataset not found. Downloading and extracting demo MIND dataset to ./data/mind...
2024-12-10 17:24:09,591 - DataUtils - INFO - Downloaded dataset zips: /home/joaquin_l_calvo/Trento/Data_Mining/Data-Mining-Project/data/mind/MINDdemo_train.zip, /home/joaquin_l_calvo/Trento/Data_Mining/Data-Mining-Project/data/mind/MINDdemo_dev.zip
2024-12-10 17:24:09,591 - DataUtils - INFO - Extracting dataset...
2024-12-10 17:24:09,959 - DataUtils - INFO - Dataset prepared successfully. Train: ./MINDdemo_train.zip/data/mind/train/behaviors.tsv, Valid: ./MINDdemo_train.zip/data/mind/valid/behaviors.tsv
2024-12-10 17:24:09,959 - DataUtils - INFO - Starting to preprocess MIND dataset. Train: ./MINDdemo_train.zip/data/mind/train/behaviors.tsv, Valid: ./MINDdemo_train.zip/data/mind/valid/behaviors.tsv
2024-12-10 17:24:18,628 - DataUtils - INFO - Preprocessing of MIND dataset completed.
2024-12-10 18:10:34,506 - DataUtils - INFO - Resolving paths for the demo MIND dataset...
2024-12-10 18:10:34,507 - DataUtils - INFO - Dataset located. Train: ./MINDdemo_train.zip/data/mind/train/behaviors.tsv, Valid: ./MINDdemo_train.zip/data/mind/valid/behaviors.tsv
2024-12-10 18:10:34,507 - DataUtils - INFO - Starting to preprocess MIND dataset. Train: ./MINDdemo_train.zip/data/mind/train/behaviors.tsv, Valid: ./MINDdemo_train.zip/data/mind/valid/behaviors.tsv
2024-12-10 18:10:40,698 - DataUtils - INFO - Preprocessing of MIND dataset completed.
2024-12-11 10:21:22,649 - DataUtils - INFO - Resolving paths for the demo MIND dataset...
2024-12-11 10:21:22,650 - DataUtils - INFO - Dataset located. Train: ./MINDdemo_train.zip/data/mind/train/behaviors.tsv, Valid: ./MINDdemo_train.zip/data/mind/valid/behaviors.tsv
2024-12-11 10:21:22,650 - DataUtils - INFO - Starting to preprocess MIND dataset. Train: ./MINDdemo_train.zip/data/mind/train/behaviors.tsv, Valid: ./MINDdemo_train.zip/data/mind/valid/behaviors.tsv
2024-12-11 10:21:27,571 - DataUtils - INFO - Preprocessing of MIND dataset completed.
2024-12-11 10:34:53,658 - DataUtils - INFO - Resolving paths for the demo MIND dataset...
2024-12-11 10:34:53,659 - DataUtils - INFO - Dataset located. Train: ./MINDdemo_train.zip/data/mind/train/behaviors.tsv, Valid: ./MINDdemo_train.zip/data/mind/valid/behaviors.tsv
2024-12-11 10:34:53,660 - DataUtils - INFO - Starting to preprocess MIND dataset. Train: ./MINDdemo_train.zip/data/mind/train/behaviors.tsv, Valid: ./MINDdemo_train.zip/data/mind/valid/behaviors.tsv
2024-12-11 10:34:59,972 - DataUtils - INFO - Preprocessing of MIND dataset completed.
2024-12-11 10:41:06,622 - DataUtils - INFO - Resolving paths for the demo MIND dataset...
2024-12-11 10:41:06,622 - DataUtils - INFO - Dataset located. Train: ./MINDdemo_train.zip/data/mind/train/behaviors.tsv, Valid: ./MINDdemo_train.zip/data/mind/valid/behaviors.tsv
2024-12-11 10:41:06,622 - DataUtils - INFO - Starting to preprocess MIND dataset. Train: ./MINDdemo_train.zip/data/mind/train/behaviors.tsv, Valid: ./MINDdemo_train.zip/data/mind/valid/behaviors.tsv
2024-12-11 10:41:12,624 - DataUtils - INFO - Preprocessing of MIND dataset completed.
2024-12-11 10:47:52,135 - DataUtils - INFO - Resolving paths for the demo MIND dataset...
2024-12-11 10:47:52,136 - DataUtils - INFO - Dataset located. Train: ./MINDdemo_train.zip/data/mind/train/behaviors.tsv, Valid: ./MINDdemo_train.zip/data/mind/valid/behaviors.tsv
2024-12-11 10:47:52,137 - DataUtils - INFO - Starting to preprocess MIND dataset. Train: ./MINDdemo_train.zip/data/mind/train/behaviors.tsv, Valid: ./MINDdemo_train.zip/data/mind/valid/behaviors.tsv
2024-12-11 10:47:57,571 - DataUtils - INFO - Preprocessing of MIND dataset completed.
2024-12-11 12:58:11,039 - DataUtils - INFO - Resolving paths for the demo MIND dataset...
2024-12-11 12:58:11,040 - DataUtils - INFO - Dataset located. Train: ./MINDdemo_train.zip/data/mind/train/behaviors.tsv, Valid: ./MINDdemo_train.zip/data/mind/valid/behaviors.tsv
2024-12-11 12:58:11,040 - DataUtils - INFO - Starting to preprocess MIND dataset. Train: ./MINDdemo_train.zip/data/mind/train/behaviors.tsv, Valid: ./MINDdemo_train.zip/data/mind/valid/behaviors.tsv
2024-12-11 12:58:15,752 - DataUtils - INFO - Preprocessing of MIND dataset completed.
2024-12-11 13:03:47,615 - DataUtils - INFO - Resolving paths for the demo MIND dataset...
2024-12-11 13:03:47,615 - DataUtils - INFO - Dataset located. Train: ./MINDdemo_train.zip/data/mind/train/behaviors.tsv, Valid: ./MINDdemo_train.zip/data/mind/valid/behaviors.tsv
2024-12-11 13:03:47,615 - DataUtils - INFO - Starting to preprocess MIND dataset. Train: ./MINDdemo_train.zip/data/mind/train/behaviors.tsv, Valid: ./MINDdemo_train.zip/data/mind/valid/behaviors.tsv
2024-12-11 13:03:50,902 - DataUtils - INFO - Preprocessing of MIND dataset completed.
